{"level":"\u001b[34mINFO\u001b[0m","time":"2025-11-05 15:06:20","caller":"gin@v1.11.0/context.go:192","msg":"Ping API called"}
{"level":"\u001b[34mINFO\u001b[0m","time":"2025-11-05 15:06:20","caller":"gin@v1.11.0/context.go:192","msg":"HTTP Request","status":200,"method":"GET","path":"/","ip":"::1","latency":0.016137}
{"level":"\u001b[34mINFO\u001b[0m","time":"2025-11-05 15:06:20","caller":"gin@v1.11.0/context.go:192","msg":"HTTP Request","status":304,"method":"GET","path":"/static/style.css","ip":"::1","latency":0.001001}
{"level":"INFO","time":"2025-11-05 15:45:36","caller":"spectra-backend/main.go:41","msg":"Starting server","address":"0.0.0.0:8080"}
{"level":"INFO","time":"2025-11-05 15:45:56","caller":"router/routes.go:12","msg":"Ping API called"}
{"level":"INFO","time":"2025-11-05 15:45:56","caller":"middleware/logger.go:64","msg":"HTTP Request","status":200,"method":"GET","path":"/","ip":"::1","latency":0.0010016}
{"level":"INFO","time":"2025-11-05 15:45:56","caller":"middleware/logger.go:64","msg":"HTTP Request","status":304,"method":"GET","path":"/static/style.css","ip":"::1","latency":0.0005361}
{"level":"INFO","time":"2025-11-05 16:55:37","caller":"spectra-backend/main.go:38","msg":"Starting server","address":"0.0.0.0:8080"}
{"level":"FATAL","time":"2025-11-05 16:55:37","caller":"spectra-backend/main.go:40","msg":"Failed to start server","error":"listen tcp 0.0.0.0:8080: bind: Only one usage of each socket address (protocol/network address/port) is normally permitted."}
{"level":"INFO","time":"2025-11-05 16:57:16","caller":"spectra-backend/main.go:38","msg":"Starting server","address":"0.0.0.0:8080"}
{"level":"INFO","time":"2025-11-05 17:36:00","caller":"middleware/logger.go:63","msg":"HTTP Request","status":404,"method":"GET","path":"/api/error-logs","ip":"::1","latency":0}
{"level":"FATAL","time":"2025-11-05 17:36:08","caller":"router/routes.go:19","msg":"Failed to initialize repository","error":"failed to ping database: dial tcp: lookup https: no such host"}
{"level":"FATAL","time":"2025-11-05 17:37:54","caller":"router/routes.go:19","msg":"Failed to initialize repository","error":"failed to ping database: [handshake] unexpected packet [72] from server"}
{"level":"INFO","time":"2025-11-05 17:39:25","caller":"repository/clickhouse_repository.go:25","msg":"Initializing ClickHouse connection","host":"ci5eaxwoe9.asia-southeast1.gcp.clickhouse.cloud","port":8443,"database":"spectra_log_data","username":"default","debug":true}
{"level":"INFO","time":"2025-11-05 17:39:25","caller":"repository/clickhouse_repository.go:50","msg":"Testing database connection..."}
{"level":"ERROR","time":"2025-11-05 17:39:26","caller":"repository/clickhouse_repository.go:52","msg":"Failed to ping database","error":"[handshake] unexpected packet [72] from server"}
{"level":"FATAL","time":"2025-11-05 17:39:26","caller":"router/routes.go:19","msg":"Failed to initialize repository","error":"failed to ping database: [handshake] unexpected packet [72] from server"}
{"level":"INFO","time":"2025-11-05 17:40:10","caller":"repository/clickhouse_repository.go:25","msg":"Initializing ClickHouse connection","host":"ci5eaxwoe9.asia-southeast1.gcp.clickhouse.cloud","port":8443,"database":"spectra_log_data","username":"default","debug":true}
{"level":"INFO","time":"2025-11-05 17:40:10","caller":"repository/clickhouse_repository.go:50","msg":"Testing database connection..."}
{"level":"ERROR","time":"2025-11-05 17:40:12","caller":"repository/clickhouse_repository.go:52","msg":"Failed to ping database","error":"clickhouse [execute]:: 404 code: Code: 81. DB::Exception: Database spectra_log_data does not exist. (UNKNOWN_DATABASE) (version 25.6.2.6261 (official build))\n"}
{"level":"FATAL","time":"2025-11-05 17:40:12","caller":"router/routes.go:19","msg":"Failed to initialize repository","error":"failed to ping database: clickhouse [execute]:: 404 code: Code: 81. DB::Exception: Database spectra_log_data does not exist. (UNKNOWN_DATABASE) (version 25.6.2.6261 (official build))\n"}
{"level":"INFO","time":"2025-11-05 17:40:53","caller":"repository/clickhouse_repository.go:25","msg":"Initializing ClickHouse connection","host":"ci5eaxwoe9.asia-southeast1.gcp.clickhouse.cloud","port":8443,"database":"default","username":"default","debug":true}
{"level":"INFO","time":"2025-11-05 17:40:53","caller":"repository/clickhouse_repository.go:50","msg":"Testing database connection..."}
{"level":"INFO","time":"2025-11-05 17:40:55","caller":"repository/clickhouse_repository.go:56","msg":"Successfully connected to ClickHouse database"}
{"level":"INFO","time":"2025-11-05 17:40:55","caller":"spectra-backend/main.go:38","msg":"Starting server","address":"0.0.0.0:8080"}
{"level":"INFO","time":"2025-11-05 17:41:01","caller":"middleware/logger.go:63","msg":"HTTP Request","status":400,"method":"GET","path":"/api/error-logs","ip":"::1","latency":0}
{"level":"INFO","time":"2025-11-05 17:46:42","caller":"repository/clickhouse_repository.go:25","msg":"Initializing ClickHouse connection","host":"ci5eaxwoe9.asia-southeast1.gcp.clickhouse.cloud","port":8443,"database":"default","username":"default","debug":true}
{"level":"INFO","time":"2025-11-05 17:46:42","caller":"repository/clickhouse_repository.go:50","msg":"Testing database connection..."}
{"level":"INFO","time":"2025-11-05 17:46:42","caller":"repository/clickhouse_repository.go:56","msg":"Successfully connected to ClickHouse database"}
{"level":"INFO","time":"2025-11-05 17:46:42","caller":"spectra-backend/main.go:38","msg":"Starting server","address":"0.0.0.0:8080"}
{"level":"INFO","time":"2025-11-05 17:48:17","caller":"repository/clickhouse_repository.go:30","msg":"Initializing ClickHouse connection","host":"ci5eaxwoe9.asia-southeast1.gcp.clickhouse.cloud","port":8443,"database":"default","username":"default","debug":true}
{"level":"INFO","time":"2025-11-05 17:48:17","caller":"repository/clickhouse_repository.go:55","msg":"Testing database connection..."}
{"level":"INFO","time":"2025-11-05 17:48:18","caller":"repository/clickhouse_repository.go:61","msg":"Successfully connected to ClickHouse database"}
{"level":"INFO","time":"2025-11-05 17:48:18","caller":"spectra-backend/main.go:38","msg":"Starting server","address":"0.0.0.0:8080"}
{"level":"INFO","time":"2025-11-05 19:48:02","caller":"repository/clickhouse_repository.go:36","msg":"Initializing ClickHouse connection","host":"ci5eaxwoe9.asia-southeast1.gcp.clickhouse.cloud","port":8443,"database":"default","username":"default","debug":true}
{"level":"INFO","time":"2025-11-05 19:48:02","caller":"repository/clickhouse_repository.go:64","msg":"Testing database connection..."}
{"level":"INFO","time":"2025-11-05 19:48:23","caller":"repository/clickhouse_repository.go:70","msg":"Successfully connected to ClickHouse database"}
{"level":"INFO","time":"2025-11-05 19:48:23","caller":"spectra-backend/main.go:38","msg":"Starting server","address":"0.0.0.0:8080"}
{"level":"INFO","time":"2025-11-05 19:59:50","caller":"repository/clickhouse_repository.go:36","msg":"Initializing ClickHouse connection","host":"ci5eaxwoe9.asia-southeast1.gcp.clickhouse.cloud","port":8443,"database":"default","username":"default","debug":true}
{"level":"INFO","time":"2025-11-05 19:59:51","caller":"repository/clickhouse_repository.go:64","msg":"Testing database connection..."}
{"level":"INFO","time":"2025-11-05 19:59:52","caller":"repository/clickhouse_repository.go:70","msg":"Successfully connected to ClickHouse database"}
{"level":"INFO","time":"2025-11-05 19:59:52","caller":"spectra-backend/main.go:38","msg":"Starting server","address":"0.0.0.0:8080"}
{"level":"FATAL","time":"2025-11-05 19:59:52","caller":"spectra-backend/main.go:40","msg":"Failed to start server","error":"listen tcp 0.0.0.0:8080: bind: Only one usage of each socket address (protocol/network address/port) is normally permitted."}
{"level":"INFO","time":"2025-11-05 20:00:28","caller":"middleware/logger.go:63","msg":"HTTP Request","status":404,"method":"OPTIONS","path":"/api/error-logs","ip":"::1","latency":0}
{"level":"INFO","time":"2025-11-05 20:00:30","caller":"middleware/logger.go:63","msg":"HTTP Request","status":404,"method":"OPTIONS","path":"/api/error-logs","ip":"::1","latency":0}
{"level":"INFO","time":"2025-11-05 20:00:42","caller":"middleware/logger.go:63","msg":"HTTP Request","status":404,"method":"OPTIONS","path":"/api/error-logs","ip":"::1","latency":0}
{"level":"INFO","time":"2025-11-05 20:01:00","caller":"middleware/logger.go:63","msg":"HTTP Request","status":404,"method":"OPTIONS","path":"/api/error-logs","ip":"::1","latency":0}
{"level":"INFO","time":"2025-11-05 20:03:01","caller":"repository/clickhouse_repository.go:36","msg":"Initializing ClickHouse connection","host":"ci5eaxwoe9.asia-southeast1.gcp.clickhouse.cloud","port":8443,"database":"default","username":"default","debug":true}
{"level":"INFO","time":"2025-11-05 20:03:01","caller":"repository/clickhouse_repository.go:64","msg":"Testing database connection..."}
{"level":"INFO","time":"2025-11-05 20:03:02","caller":"repository/clickhouse_repository.go:70","msg":"Successfully connected to ClickHouse database"}
{"level":"INFO","time":"2025-11-05 20:03:02","caller":"spectra-backend/main.go:50","msg":"Starting server","address":"0.0.0.0:8080"}
{"level":"INFO","time":"2025-11-05 20:03:29","caller":"repository/clickhouse_repository.go:36","msg":"Initializing ClickHouse connection","host":"ci5eaxwoe9.asia-southeast1.gcp.clickhouse.cloud","port":8443,"database":"default","username":"default","debug":true}
{"level":"INFO","time":"2025-11-05 20:03:29","caller":"repository/clickhouse_repository.go:64","msg":"Testing database connection..."}
{"level":"INFO","time":"2025-11-05 20:03:30","caller":"repository/clickhouse_repository.go:70","msg":"Successfully connected to ClickHouse database"}
{"level":"INFO","time":"2025-11-05 20:03:30","caller":"spectra-backend/main.go:50","msg":"Starting server","address":"0.0.0.0:8080"}
{"level":"FATAL","time":"2025-11-05 20:03:30","caller":"spectra-backend/main.go:52","msg":"Failed to start server","error":"listen tcp 0.0.0.0:8080: bind: Only one usage of each socket address (protocol/network address/port) is normally permitted."}
{"level":"INFO","time":"2025-11-05 20:03:55","caller":"repository/clickhouse_repository.go:36","msg":"Initializing ClickHouse connection","host":"ci5eaxwoe9.asia-southeast1.gcp.clickhouse.cloud","port":8443,"database":"default","username":"default","debug":true}
{"level":"INFO","time":"2025-11-05 20:03:55","caller":"repository/clickhouse_repository.go:64","msg":"Testing database connection..."}
{"level":"INFO","time":"2025-11-05 20:03:56","caller":"repository/clickhouse_repository.go:70","msg":"Successfully connected to ClickHouse database"}
{"level":"INFO","time":"2025-11-05 20:03:56","caller":"spectra-backend/main.go:50","msg":"Starting server","address":"0.0.0.0:8080"}
{"level":"INFO","time":"2025-11-05 20:04:26","caller":"router/routes.go:60","msg":"Ping API called"}
{"level":"INFO","time":"2025-11-05 20:04:26","caller":"middleware/logger.go:63","msg":"HTTP Request","status":200,"method":"GET","path":"/ping","ip":"::1","latency":0}
{"level":"ERROR","time":"2025-11-05 20:04:37","caller":"handlers/log_handler.go:38","msg":"Failed to record error log","error":"failed to save error log: clickhouse [execute]:: 404 code: Code: 60. DB::Exception: Table default.error_logs does not exist. Maybe you meant system.error_log?. (UNKNOWN_TABLE) (version 25.6.2.6261 (official build))\n"}
{"level":"INFO","time":"2025-11-05 20:04:37","caller":"middleware/logger.go:63","msg":"HTTP Request","status":500,"method":"POST","path":"/api/error-logs","ip":"::1","latency":0.6708866}
{"level":"ERROR","time":"2025-11-05 20:05:31","caller":"handlers/log_handler.go:38","msg":"Failed to record error log","error":"failed to save error log: clickhouse [execute]:: 404 code: Code: 60. DB::Exception: Table default.error_logs does not exist. Maybe you meant system.error_log?. (UNKNOWN_TABLE) (version 25.6.2.6261 (official build))\n"}
{"level":"INFO","time":"2025-11-05 20:05:31","caller":"middleware/logger.go:63","msg":"HTTP Request","status":500,"method":"POST","path":"/api/error-logs","ip":"::1","latency":0.388438}
{"level":"ERROR","time":"2025-11-05 20:09:45","caller":"handlers/log_handler.go:38","msg":"Failed to record error log","error":"failed to save error log: clickhouse [execute]:: 404 code: Code: 60. DB::Exception: Table default.error_logs does not exist. Maybe you meant system.error_log?. (UNKNOWN_TABLE) (version 25.6.2.6261 (official build))\n"}
{"level":"INFO","time":"2025-11-05 20:09:45","caller":"middleware/logger.go:63","msg":"HTTP Request","status":500,"method":"POST","path":"/api/error-logs","ip":"::1","latency":1.4948534}
{"level":"ERROR","time":"2025-11-05 20:09:47","caller":"handlers/log_handler.go:38","msg":"Failed to record error log","error":"failed to save error log: clickhouse [execute]:: 404 code: Code: 60. DB::Exception: Table default.error_logs does not exist. Maybe you meant system.error_log?. (UNKNOWN_TABLE) (version 25.6.2.6261 (official build))\n"}
{"level":"INFO","time":"2025-11-05 20:09:47","caller":"middleware/logger.go:63","msg":"HTTP Request","status":500,"method":"POST","path":"/api/error-logs","ip":"::1","latency":0.6519273}
{"level":"ERROR","time":"2025-11-05 20:09:51","caller":"handlers/log_handler.go:62","msg":"Failed to get error logs","error":"failed to query error logs: clickhouse [execute]:: 404 code: Code: 60. DB::Exception: Unknown table expression identifier 'error_logs' in scope SELECT timestamp, project_id, session_id, trace_id, user_id, url, referrer, type, name, message, extra FROM error_logs WHERE (project_id = 'demo-project') AND (timestamp >= toDateTime('2025-11-04 12:09:51')) AND (timestamp <= toDateTime('2025-11-05 12:09:51')) ORDER BY timestamp DESC. (UNKNOWN_TABLE) (version 25.6.2.6261 (official build))\n"}
{"level":"INFO","time":"2025-11-05 20:09:51","caller":"middleware/logger.go:63","msg":"HTTP Request","status":500,"method":"GET","path":"/api/error-logs","ip":"::1","latency":0.1643252}
{"level":"ERROR","time":"2025-11-05 20:09:52","caller":"handlers/log_handler.go:62","msg":"Failed to get error logs","error":"failed to query error logs: clickhouse [execute]:: 404 code: Code: 60. DB::Exception: Unknown table expression identifier 'error_logs' in scope SELECT timestamp, project_id, session_id, trace_id, user_id, url, referrer, type, name, message, extra FROM error_logs WHERE (project_id = 'demo-project') AND (timestamp >= toDateTime('2025-11-04 12:09:52')) AND (timestamp <= toDateTime('2025-11-05 12:09:52')) ORDER BY timestamp DESC. (UNKNOWN_TABLE) (version 25.6.2.6261 (official build))\n"}
{"level":"INFO","time":"2025-11-05 20:09:52","caller":"middleware/logger.go:63","msg":"HTTP Request","status":500,"method":"GET","path":"/api/error-logs","ip":"::1","latency":0.0926683}
{"level":"ERROR","time":"2025-11-05 20:09:55","caller":"handlers/log_handler.go:38","msg":"Failed to record error log","error":"failed to save error log: clickhouse [execute]:: 404 code: Code: 60. DB::Exception: Table default.error_logs does not exist. Maybe you meant system.error_log?. (UNKNOWN_TABLE) (version 25.6.2.6261 (official build))\n"}
{"level":"INFO","time":"2025-11-05 20:09:55","caller":"middleware/logger.go:63","msg":"HTTP Request","status":500,"method":"POST","path":"/api/error-logs","ip":"::1","latency":0.3474523}
{"level":"ERROR","time":"2025-11-05 20:09:58","caller":"handlers/log_handler.go:38","msg":"Failed to record error log","error":"failed to save error log: clickhouse [execute]:: 404 code: Code: 60. DB::Exception: Table default.error_logs does not exist. Maybe you meant system.error_log?. (UNKNOWN_TABLE) (version 25.6.2.6261 (official build))\n"}
{"level":"INFO","time":"2025-11-05 20:09:58","caller":"middleware/logger.go:63","msg":"HTTP Request","status":500,"method":"POST","path":"/api/error-logs","ip":"::1","latency":0.0894785}
{"level":"ERROR","time":"2025-11-05 20:11:08","caller":"handlers/log_handler.go:38","msg":"Failed to record error log","error":"failed to save error log: clickhouse [execute]:: 404 code: Code: 60. DB::Exception: Table default.error_logs does not exist. Maybe you meant system.error_log?. (UNKNOWN_TABLE) (version 25.6.2.6261 (official build))\n"}
{"level":"INFO","time":"2025-11-05 20:11:08","caller":"middleware/logger.go:63","msg":"HTTP Request","status":500,"method":"POST","path":"/api/error-logs","ip":"::1","latency":1.9787629}
{"level":"ERROR","time":"2025-11-05 20:14:03","caller":"handlers/log_handler.go:38","msg":"Failed to record error log","error":"failed to save error log: clickhouse [execute]:: 404 code: Code: 60. DB::Exception: Table default.error_logs does not exist. Maybe you meant system.error_log?. (UNKNOWN_TABLE) (version 25.6.2.6261 (official build))\n"}
{"level":"INFO","time":"2025-11-05 20:14:03","caller":"middleware/logger.go:63","msg":"HTTP Request","status":500,"method":"POST","path":"/api/error-logs","ip":"::1","latency":0.4012471}
{"level":"ERROR","time":"2025-11-05 20:15:09","caller":"handlers/log_handler.go:38","msg":"Failed to record error log","error":"failed to save error log: clickhouse [execute]:: 400 code: Code: 53. DB::Exception: Type mismatch in IN or VALUES section. Expected: JSON. Got: Array: While executing ValuesBlockInputFormat. (TYPE_MISMATCH) (version 25.6.2.6261 (official build))\n"}
{"level":"INFO","time":"2025-11-05 20:15:09","caller":"middleware/logger.go:63","msg":"HTTP Request","status":500,"method":"POST","path":"/api/error-logs","ip":"::1","latency":0.4817363}
{"level":"INFO","time":"2025-11-05 20:17:45","caller":"repository/clickhouse_repository.go:36","msg":"Initializing ClickHouse connection","host":"ci5eaxwoe9.asia-southeast1.gcp.clickhouse.cloud","port":8443,"database":"default","username":"default","debug":true}
{"level":"INFO","time":"2025-11-05 20:17:45","caller":"repository/clickhouse_repository.go:64","msg":"Testing database connection..."}
{"level":"INFO","time":"2025-11-05 20:17:46","caller":"repository/clickhouse_repository.go:70","msg":"Successfully connected to ClickHouse database"}
{"level":"INFO","time":"2025-11-05 20:17:46","caller":"spectra-backend/main.go:50","msg":"Starting server","address":"0.0.0.0:8080"}
{"level":"FATAL","time":"2025-11-05 20:17:46","caller":"spectra-backend/main.go:52","msg":"Failed to start server","error":"listen tcp 0.0.0.0:8080: bind: Only one usage of each socket address (protocol/network address/port) is normally permitted."}
{"level":"INFO","time":"2025-11-05 20:18:24","caller":"repository/clickhouse_repository.go:36","msg":"Initializing ClickHouse connection","host":"ci5eaxwoe9.asia-southeast1.gcp.clickhouse.cloud","port":8443,"database":"default","username":"default","debug":true}
{"level":"INFO","time":"2025-11-05 20:18:24","caller":"repository/clickhouse_repository.go:64","msg":"Testing database connection..."}
{"level":"INFO","time":"2025-11-05 20:18:25","caller":"repository/clickhouse_repository.go:70","msg":"Successfully connected to ClickHouse database"}
{"level":"INFO","time":"2025-11-05 20:18:25","caller":"spectra-backend/main.go:50","msg":"Starting server","address":"0.0.0.0:8080"}
{"level":"INFO","time":"2025-11-05 20:18:46","caller":"middleware/logger.go:63","msg":"HTTP Request","status":201,"method":"POST","path":"/api/error-logs","ip":"::1","latency":1.2835599}
{"level":"INFO","time":"2025-11-05 20:19:04","caller":"middleware/logger.go:63","msg":"HTTP Request","status":200,"method":"GET","path":"/api/error-logs","ip":"::1","latency":1.3292061}
{"level":"INFO","time":"2025-11-05 20:19:25","caller":"middleware/logger.go:63","msg":"HTTP Request","status":200,"method":"GET","path":"/api/error-logs","ip":"::1","latency":1.1189094}
{"level":"ERROR","time":"2025-11-05 20:19:38","caller":"handlers/log_handler.go:38","msg":"Failed to record error log","error":"failed to save error log: clickhouse [execute]:: 400 code: Code: 117. DB::Exception: Cannot insert data into JSON column: Cannot read JSON object from JSON element: \"{\\\"browser\\\":\\\"Mozilla\\/5.0 (Windows NT 10.0; Win64; x64) AppleWebKit\\/537.36 (KHTML, like Gecko) Trae\\/1.104.3 Chrome\\/138.0.7204.251 Electron\\/37.6.1 Safari\\/537.36\\\",\\\"count\\\":0}\": while executing 'FUNCTION if(isNull(-dummy-0) : 3, defaultValueOfTypeName('JSON') :: 2, _CAST(-dummy-0, 'JSON') :: 4) -> if(isNull(-dummy-0), defaultValueOfTypeName('JSON'), _CAST(-dummy-0, 'JSON')) JSON : 1': While executing ValuesBlockInputFormat. (INCORRECT_DATA) (version 25.6.2.6261 (official build))\n"}
{"level":"INFO","time":"2025-11-05 20:19:38","caller":"middleware/logger.go:63","msg":"HTTP Request","status":500,"method":"POST","path":"/api/error-logs","ip":"::1","latency":0.3811288}
{"level":"INFO","time":"2025-11-05 20:19:45","caller":"middleware/logger.go:63","msg":"HTTP Request","status":200,"method":"GET","path":"/api/error-logs","ip":"::1","latency":0.0797632}
{"level":"INFO","time":"2025-11-05 20:19:48","caller":"middleware/logger.go:63","msg":"HTTP Request","status":200,"method":"GET","path":"/api/error-logs","ip":"::1","latency":0.0797685}
{"level":"ERROR","time":"2025-11-05 20:19:49","caller":"handlers/log_handler.go:38","msg":"Failed to record error log","error":"failed to save error log: clickhouse [execute]:: 400 code: Code: 117. DB::Exception: Cannot insert data into JSON column: Cannot read JSON object from JSON element: \"{\\\"browser\\\":\\\"Mozilla\\/5.0 (Windows NT 10.0; Win64; x64) AppleWebKit\\/537.36 (KHTML, like Gecko) Trae\\/1.104.3 Chrome\\/138.0.7204.251 Electron\\/37.6.1 Safari\\/537.36\\\",\\\"count\\\":4}\": while executing 'FUNCTION if(isNull(-dummy-0) : 3, defaultValueOfTypeName('JSON') :: 2, _CAST(-dummy-0, 'JSON') :: 4) -> if(isNull(-dummy-0), defaultValueOfTypeName('JSON'), _CAST(-dummy-0, 'JSON')) JSON : 1': While executing ValuesBlockInputFormat. (INCORRECT_DATA) (version 25.6.2.6261 (official build))\n"}
{"level":"INFO","time":"2025-11-05 20:19:49","caller":"middleware/logger.go:63","msg":"HTTP Request","status":500,"method":"POST","path":"/api/error-logs","ip":"::1","latency":0.0815289}
{"level":"ERROR","time":"2025-11-05 20:19:50","caller":"handlers/log_handler.go:38","msg":"Failed to record error log","error":"failed to save error log: clickhouse [execute]:: 400 code: Code: 117. DB::Exception: Cannot insert data into JSON column: Cannot read JSON object from JSON element: \"{\\\"browser\\\":\\\"Mozilla\\/5.0 (Windows NT 10.0; Win64; x64) AppleWebKit\\/537.36 (KHTML, like Gecko) Trae\\/1.104.3 Chrome\\/138.0.7204.251 Electron\\/37.6.1 Safari\\/537.36\\\",\\\"count\\\":4}\": while executing 'FUNCTION if(isNull(-dummy-0) : 3, defaultValueOfTypeName('JSON') :: 2, _CAST(-dummy-0, 'JSON') :: 4) -> if(isNull(-dummy-0), defaultValueOfTypeName('JSON'), _CAST(-dummy-0, 'JSON')) JSON : 1': While executing ValuesBlockInputFormat. (INCORRECT_DATA) (version 25.6.2.6261 (official build))\n"}
{"level":"INFO","time":"2025-11-05 20:19:50","caller":"middleware/logger.go:63","msg":"HTTP Request","status":500,"method":"POST","path":"/api/error-logs","ip":"::1","latency":0.0820922}
{"level":"INFO","time":"2025-11-05 20:19:50","caller":"middleware/logger.go:63","msg":"HTTP Request","status":200,"method":"GET","path":"/api/error-logs","ip":"::1","latency":0.0819941}
{"level":"INFO","time":"2025-11-05 20:20:25","caller":"repository/clickhouse_repository.go:36","msg":"Initializing ClickHouse connection","host":"ci5eaxwoe9.asia-southeast1.gcp.clickhouse.cloud","port":8443,"database":"default","username":"default","debug":true}
{"level":"INFO","time":"2025-11-05 20:20:25","caller":"repository/clickhouse_repository.go:64","msg":"Testing database connection..."}
{"level":"INFO","time":"2025-11-05 20:20:26","caller":"repository/clickhouse_repository.go:70","msg":"Successfully connected to ClickHouse database"}
{"level":"INFO","time":"2025-11-05 20:20:26","caller":"spectra-backend/main.go:50","msg":"Starting server","address":"0.0.0.0:8080"}
{"level":"INFO","time":"2025-11-05 20:20:32","caller":"router/routes.go:55","msg":"Homepage accessed"}
{"level":"INFO","time":"2025-11-05 20:20:32","caller":"middleware/logger.go:63","msg":"HTTP Request","status":200,"method":"GET","path":"/","ip":"::1","latency":0.000503}
{"level":"INFO","time":"2025-11-05 20:20:32","caller":"middleware/logger.go:63","msg":"HTTP Request","status":200,"method":"GET","path":"/static/style.css","ip":"::1","latency":0.0991368}
{"level":"INFO","time":"2025-11-05 20:20:32","caller":"middleware/logger.go:63","msg":"HTTP Request","status":404,"method":"GET","path":"/@vite/client","ip":"::1","latency":0}
{"level":"ERROR","time":"2025-11-05 20:20:54","caller":"handlers/log_handler.go:38","msg":"Failed to record error log","error":"failed to save error log: clickhouse [execute]:: 400 code: Code: 117. DB::Exception: Cannot insert data into JSON column: Cannot read JSON object from JSON element: \"{\\\"browser\\\":\\\"Mozilla\\/5.0 (Windows NT 10.0; Win64; x64) AppleWebKit\\/537.36 (KHTML, like Gecko) Chrome\\/142.0.0.0 Safari\\/537.36 Edg\\/142.0.0.0\\\",\\\"count\\\":0}\": while executing 'FUNCTION if(isNull(-dummy-0) : 3, defaultValueOfTypeName('JSON') :: 2, _CAST(-dummy-0, 'JSON') :: 4) -> if(isNull(-dummy-0), defaultValueOfTypeName('JSON'), _CAST(-dummy-0, 'JSON')) JSON : 1': While executing ValuesBlockInputFormat. (INCORRECT_DATA) (version 25.6.2.6261 (official build))\n"}
{"level":"INFO","time":"2025-11-05 20:20:54","caller":"middleware/logger.go:63","msg":"HTTP Request","status":500,"method":"POST","path":"/api/error-logs","ip":"::1","latency":1.4328119}
{"level":"INFO","time":"2025-11-05 20:20:56","caller":"middleware/logger.go:63","msg":"HTTP Request","status":200,"method":"GET","path":"/api/error-logs","ip":"::1","latency":0.094355}
{"level":"ERROR","time":"2025-11-05 20:21:41","caller":"handlers/log_handler.go:38","msg":"Failed to record error log","error":"failed to save error log: clickhouse [execute]:: 400 code: Code: 117. DB::Exception: Cannot insert data into JSON column: Cannot read JSON object from JSON element: \"{\\\"browser\\\":\\\"Mozilla\\/5.0 (Windows NT 10.0; Win64; x64) AppleWebKit\\/537.36 (KHTML, like Gecko) Chrome\\/142.0.0.0 Safari\\/537.36 Edg\\/142.0.0.0\\\",\\\"count\\\":1}\": while executing 'FUNCTION if(isNull(-dummy-0) : 3, defaultValueOfTypeName('JSON') :: 2, _CAST(-dummy-0, 'JSON') :: 4) -> if(isNull(-dummy-0), defaultValueOfTypeName('JSON'), _CAST(-dummy-0, 'JSON')) JSON : 1': While executing ValuesBlockInputFormat. (INCORRECT_DATA) (version 25.6.2.6261 (official build))\n"}
{"level":"INFO","time":"2025-11-05 20:21:41","caller":"middleware/logger.go:63","msg":"HTTP Request","status":500,"method":"POST","path":"/api/error-logs","ip":"::1","latency":0.4279363}
{"level":"INFO","time":"2025-11-05 20:22:43","caller":"repository/clickhouse_repository.go:36","msg":"Initializing ClickHouse connection","host":"ci5eaxwoe9.asia-southeast1.gcp.clickhouse.cloud","port":8443,"database":"default","username":"default","debug":true}
{"level":"INFO","time":"2025-11-05 20:22:43","caller":"repository/clickhouse_repository.go:64","msg":"Testing database connection..."}
{"level":"INFO","time":"2025-11-05 20:22:44","caller":"repository/clickhouse_repository.go:70","msg":"Successfully connected to ClickHouse database"}
{"level":"INFO","time":"2025-11-05 20:22:44","caller":"spectra-backend/main.go:50","msg":"Starting server","address":"0.0.0.0:8080"}
{"level":"FATAL","time":"2025-11-05 20:22:44","caller":"spectra-backend/main.go:52","msg":"Failed to start server","error":"listen tcp 0.0.0.0:8080: bind: Only one usage of each socket address (protocol/network address/port) is normally permitted."}
{"level":"INFO","time":"2025-11-05 20:23:42","caller":"repository/clickhouse_repository.go:36","msg":"Initializing ClickHouse connection","host":"ci5eaxwoe9.asia-southeast1.gcp.clickhouse.cloud","port":8443,"database":"default","username":"default","debug":true}
{"level":"INFO","time":"2025-11-05 20:23:42","caller":"repository/clickhouse_repository.go:64","msg":"Testing database connection..."}
{"level":"INFO","time":"2025-11-05 20:23:43","caller":"repository/clickhouse_repository.go:70","msg":"Successfully connected to ClickHouse database"}
{"level":"INFO","time":"2025-11-05 20:23:43","caller":"spectra-backend/main.go:50","msg":"Starting server","address":"0.0.0.0:8080"}
{"level":"INFO","time":"2025-11-05 20:24:00","caller":"router/routes.go:61","msg":"Ping API called"}
{"level":"INFO","time":"2025-11-05 20:24:00","caller":"middleware/logger.go:63","msg":"HTTP Request","status":200,"method":"GET","path":"/ping","ip":"::1","latency":0}
{"level":"INFO","time":"2025-11-05 20:24:16","caller":"middleware/logger.go:63","msg":"HTTP Request","status":201,"method":"POST","path":"/api/error-logs","ip":"::1","latency":0.8467206}
{"level":"ERROR","time":"2025-11-05 20:24:30","caller":"handlers/log_handler.go:38","msg":"Failed to record error log","error":"failed to save error log: clickhouse [execute]:: 400 code: Code: 117. DB::Exception: Cannot insert data into JSON column: Cannot read JSON object from JSON element: \"{\\\"browser\\\":\\\"Mozilla\\/5.0 (Windows NT 10.0; Win64; x64) AppleWebKit\\/537.36 (KHTML, like Gecko) Trae\\/1.104.3 Chrome\\/138.0.7204.251 Electron\\/37.6.1 Safari\\/537.36\\\",\\\"count\\\":0}\": while executing 'FUNCTION if(isNull(-dummy-0) : 3, defaultValueOfTypeName('JSON') :: 2, _CAST(-dummy-0, 'JSON') :: 4) -> if(isNull(-dummy-0), defaultValueOfTypeName('JSON'), _CAST(-dummy-0, 'JSON')) JSON : 1': While executing ValuesBlockInputFormat. (INCORRECT_DATA) (version 25.6.2.6261 (official build))\n"}
{"level":"INFO","time":"2025-11-05 20:24:30","caller":"middleware/logger.go:63","msg":"HTTP Request","status":500,"method":"POST","path":"/api/error-logs","ip":"::1","latency":0.4768981}
{"level":"INFO","time":"2025-11-05 20:24:43","caller":"middleware/logger.go:63","msg":"HTTP Request","status":200,"method":"GET","path":"/api/error-logs","ip":"::1","latency":0.3896043}
{"level":"ERROR","time":"2025-11-05 20:24:51","caller":"handlers/log_handler.go:38","msg":"Failed to record error log","error":"failed to save error log: clickhouse [execute]:: 400 code: Code: 117. DB::Exception: Cannot insert data into JSON column: Cannot read JSON object from JSON element: \"{\\\"browser\\\":\\\"Mozilla\\/5.0 (Windows NT 10.0; Win64; x64) AppleWebKit\\/537.36 (KHTML, like Gecko) Trae\\/1.104.3 Chrome\\/138.0.7204.251 Electron\\/37.6.1 Safari\\/537.36\\\",\\\"count\\\":0}\": while executing 'FUNCTION if(isNull(-dummy-0) : 3, defaultValueOfTypeName('JSON') :: 2, _CAST(-dummy-0, 'JSON') :: 4) -> if(isNull(-dummy-0), defaultValueOfTypeName('JSON'), _CAST(-dummy-0, 'JSON')) JSON : 1': While executing ValuesBlockInputFormat. (INCORRECT_DATA) (version 25.6.2.6261 (official build))\n"}
{"level":"INFO","time":"2025-11-05 20:24:51","caller":"middleware/logger.go:63","msg":"HTTP Request","status":500,"method":"POST","path":"/api/error-logs","ip":"::1","latency":0.0971167}
{"level":"ERROR","time":"2025-11-05 20:24:51","caller":"handlers/log_handler.go:38","msg":"Failed to record error log","error":"failed to save error log: clickhouse [execute]:: 400 code: Code: 117. DB::Exception: Cannot insert data into JSON column: Cannot read JSON object from JSON element: \"{\\\"browser\\\":\\\"Mozilla\\/5.0 (Windows NT 10.0; Win64; x64) AppleWebKit\\/537.36 (KHTML, like Gecko) Trae\\/1.104.3 Chrome\\/138.0.7204.251 Electron\\/37.6.1 Safari\\/537.36\\\",\\\"count\\\":0}\": while executing 'FUNCTION if(isNull(-dummy-0) : 3, defaultValueOfTypeName('JSON') :: 2, _CAST(-dummy-0, 'JSON') :: 4) -> if(isNull(-dummy-0), defaultValueOfTypeName('JSON'), _CAST(-dummy-0, 'JSON')) JSON : 1': While executing ValuesBlockInputFormat. (INCORRECT_DATA) (version 25.6.2.6261 (official build))\n"}
{"level":"INFO","time":"2025-11-05 20:24:51","caller":"middleware/logger.go:63","msg":"HTTP Request","status":500,"method":"POST","path":"/api/error-logs","ip":"::1","latency":0.0966667}
{"level":"ERROR","time":"2025-11-05 20:24:51","caller":"handlers/log_handler.go:38","msg":"Failed to record error log","error":"failed to save error log: clickhouse [execute]:: 400 code: Code: 117. DB::Exception: Cannot insert data into JSON column: Cannot read JSON object from JSON element: \"{\\\"browser\\\":\\\"Mozilla\\/5.0 (Windows NT 10.0; Win64; x64) AppleWebKit\\/537.36 (KHTML, like Gecko) Trae\\/1.104.3 Chrome\\/138.0.7204.251 Electron\\/37.6.1 Safari\\/537.36\\\",\\\"count\\\":0}\": while executing 'FUNCTION if(isNull(-dummy-0) : 3, defaultValueOfTypeName('JSON') :: 2, _CAST(-dummy-0, 'JSON') :: 4) -> if(isNull(-dummy-0), defaultValueOfTypeName('JSON'), _CAST(-dummy-0, 'JSON')) JSON : 1': While executing ValuesBlockInputFormat. (INCORRECT_DATA) (version 25.6.2.6261 (official build))\n"}
{"level":"INFO","time":"2025-11-05 20:24:51","caller":"middleware/logger.go:63","msg":"HTTP Request","status":500,"method":"POST","path":"/api/error-logs","ip":"::1","latency":0.1538947}
{"level":"ERROR","time":"2025-11-05 20:24:52","caller":"handlers/log_handler.go:38","msg":"Failed to record error log","error":"failed to save error log: clickhouse [execute]:: 400 code: Code: 117. DB::Exception: Cannot insert data into JSON column: Cannot read JSON object from JSON element: \"{\\\"browser\\\":\\\"Mozilla\\/5.0 (Windows NT 10.0; Win64; x64) AppleWebKit\\/537.36 (KHTML, like Gecko) Trae\\/1.104.3 Chrome\\/138.0.7204.251 Electron\\/37.6.1 Safari\\/537.36\\\",\\\"count\\\":0}\": while executing 'FUNCTION if(isNull(-dummy-0) : 3, defaultValueOfTypeName('JSON') :: 2, _CAST(-dummy-0, 'JSON') :: 4) -> if(isNull(-dummy-0), defaultValueOfTypeName('JSON'), _CAST(-dummy-0, 'JSON')) JSON : 1': While executing ValuesBlockInputFormat. (INCORRECT_DATA) (version 25.6.2.6261 (official build))\n"}
{"level":"INFO","time":"2025-11-05 20:24:52","caller":"middleware/logger.go:63","msg":"HTTP Request","status":500,"method":"POST","path":"/api/error-logs","ip":"::1","latency":0.3461457}
{"level":"ERROR","time":"2025-11-05 20:24:53","caller":"handlers/log_handler.go:38","msg":"Failed to record error log","error":"failed to save error log: clickhouse [execute]:: 400 code: Code: 117. DB::Exception: Cannot insert data into JSON column: Cannot read JSON object from JSON element: \"{\\\"browser\\\":\\\"Mozilla\\/5.0 (Windows NT 10.0; Win64; x64) AppleWebKit\\/537.36 (KHTML, like Gecko) Trae\\/1.104.3 Chrome\\/138.0.7204.251 Electron\\/37.6.1 Safari\\/537.36\\\",\\\"count\\\":0}\": while executing 'FUNCTION if(isNull(-dummy-0) : 3, defaultValueOfTypeName('JSON') :: 2, _CAST(-dummy-0, 'JSON') :: 4) -> if(isNull(-dummy-0), defaultValueOfTypeName('JSON'), _CAST(-dummy-0, 'JSON')) JSON : 1': While executing ValuesBlockInputFormat. (INCORRECT_DATA) (version 25.6.2.6261 (official build))\n"}
{"level":"INFO","time":"2025-11-05 20:24:53","caller":"middleware/logger.go:63","msg":"HTTP Request","status":500,"method":"POST","path":"/api/error-logs","ip":"::1","latency":0.0951565}
{"level":"ERROR","time":"2025-11-05 20:24:53","caller":"handlers/log_handler.go:38","msg":"Failed to record error log","error":"failed to save error log: clickhouse [execute]:: 400 code: Code: 117. DB::Exception: Cannot insert data into JSON column: Cannot read JSON object from JSON element: \"{\\\"browser\\\":\\\"Mozilla\\/5.0 (Windows NT 10.0; Win64; x64) AppleWebKit\\/537.36 (KHTML, like Gecko) Trae\\/1.104.3 Chrome\\/138.0.7204.251 Electron\\/37.6.1 Safari\\/537.36\\\",\\\"count\\\":0}\": while executing 'FUNCTION if(isNull(-dummy-0) : 3, defaultValueOfTypeName('JSON') :: 2, _CAST(-dummy-0, 'JSON') :: 4) -> if(isNull(-dummy-0), defaultValueOfTypeName('JSON'), _CAST(-dummy-0, 'JSON')) JSON : 1': While executing ValuesBlockInputFormat. (INCORRECT_DATA) (version 25.6.2.6261 (official build))\n"}
{"level":"INFO","time":"2025-11-05 20:24:53","caller":"middleware/logger.go:63","msg":"HTTP Request","status":500,"method":"POST","path":"/api/error-logs","ip":"::1","latency":0.1009618}
